2025-06-04 11:49:58,367 [INFO] Client started!
2025-06-04 11:49:58,367 [INFO] Sent task to dispatcher: type=reverse, payload=Hallo Welt
2025-06-04 11:50:32,255 [INFO] Client started!
2025-06-04 11:50:32,255 [INFO] Sent task to dispatcher: type=reverse, payload=Hallo Welt
2025-06-04 11:53:14,820 [INFO] Client started!
2025-06-04 11:53:14,820 [INFO] Sent task to dispatcher: type=reverse, payload=Hallo Welt
2025-06-04 11:59:28,050 [INFO] Client started!
2025-06-04 11:59:28,051 [INFO] Sent task to dispatcher: type=reverse, payload=Hallo Welt
2025-06-04 12:02:11,879 [INFO] Client started!
2025-06-04 12:02:11,879 [INFO] Sent task to dispatcher: type=reverse, payload=Hallo Welt
2025-06-04 12:13:37,244 [INFO] Client started!
2025-06-04 12:13:37,244 [INFO] Sent task to dispatcher: type=reverse, payload=Hallo Welt
2025-06-04 12:14:29,312 [INFO] Client started!
2025-06-04 12:14:29,312 [INFO] Sent task to dispatcher: type=reverse, payload=Hallo Welt
2025-06-04 12:16:23,633 [INFO] Client started!
2025-06-04 12:16:23,633 [INFO] Sent task to dispatcher: type=reverse, payload=Hallo Welt
2025-06-04 12:19:47,414 [INFO] Client started!
2025-06-04 12:19:47,414 [INFO] Sent task to dispatcher: type=reverse, payload=Hallo Welt
2025-06-04 12:19:47,428 [INFO] Dispatcher responded to task submission: {'message': 'Task received, ID = 1'}
2025-06-04 12:20:41,099 [INFO] Client started!
2025-06-04 12:20:41,099 [INFO] Requested result for task ID: 1
2025-06-04 12:20:41,113 [INFO] Dispatcher returned result: {'result': 'tleW ollaH'}
2025-06-04 12:21:53,410 [INFO] Client started!
2025-06-04 12:21:53,410 [INFO] Sent task to dispatcher: type=random_fact, payload=random
2025-06-04 12:21:53,937 [INFO] Dispatcher responded to task submission: {'message': 'Task received, ID = 2'}
2025-06-04 12:22:15,577 [INFO] Client started!
2025-06-04 12:22:15,577 [INFO] Requested result for task ID: 2
2025-06-04 12:22:15,624 [INFO] Dispatcher returned result: {'result': 'Wenn Bier Sonnenstrahlung ausgesetzt wird, kann sich aus dem Hopfen MBT bilden'}
2025-06-04 12:22:37,932 [INFO] Client started!
2025-06-04 12:22:37,932 [INFO] Sent task to dispatcher: type=random_fact, payload=random
2025-06-04 12:22:38,482 [INFO] Dispatcher responded to task submission: {'message': 'Task received, ID = 3'}
2025-06-04 12:22:41,377 [INFO] Client started!
2025-06-04 12:22:41,377 [INFO] Requested result for task ID: 3
2025-06-04 12:22:41,557 [INFO] Dispatcher returned result: {'result': 'Briten verbringen durchschnittlich ein halbes Jahr ihres Lebens mit Anstehen.'}
2025-06-04 12:23:36,311 [INFO] Client started!
2025-06-04 12:23:36,311 [INFO] Simulating multiple tasks...
2025-06-04 12:23:36,494 [INFO] [SIMULATION] Task 'random_fact' sent with payload: random
2025-06-04 12:23:38,077 [INFO] [SIMULATION] Task 'random_fact' sent with payload: random
2025-06-04 12:23:39,412 [INFO] [SIMULATION] Task 'random_fact' sent with payload: random
2025-06-04 12:23:41,763 [INFO] [SIMULATION] Task 'reverse' sent with payload: socket
2025-06-04 12:23:43,300 [INFO] [SIMULATION] Task 'upper' sent with payload: hello
2025-06-04 12:23:43,300 [INFO] [SIMULATION] Intermediate results after 5 tasks
2025-06-04 12:23:43,914 [INFO] [SIMULATION] Intermediate result for task 5: {'result': 'Ein Prozent der Bevölkerung der USA sind Bauern. Auf der Welt sind es 45.'}
2025-06-04 12:23:44,528 [INFO] [SIMULATION] Intermediate result for task 4: {'result': 'Genau wie der Mensch einen Namen trägt, hat jeder Papagei seinen eigenen typischen Laut, mit dem andere Papageien ihn rufen.'}
2025-06-04 12:23:44,597 [INFO] [SIMULATION] Intermediate result for task 7: {'result': 'tekcos'}
2025-06-04 12:23:45,612 [INFO] [SIMULATION] Task 'sum' sent with payload: 6,2,7,5
2025-06-04 12:23:46,628 [INFO] [SIMULATION] Task 'wait' sent with payload: 1
2025-06-04 12:23:47,912 [INFO] [SIMULATION] Task 'upper' sent with payload: hello
2025-06-04 12:23:49,141 [INFO] [SIMULATION] Task 'reverse' sent with payload: socket
2025-06-04 12:23:50,371 [INFO] [SIMULATION] Task 'upper' sent with payload: distributed
2025-06-04 12:23:50,371 [INFO] [SIMULATION] Intermediate results after 10 tasks
2025-06-04 12:23:50,377 [INFO] [SIMULATION] Intermediate result for task 9: {'result': 20.0}
2025-06-04 12:23:50,384 [INFO] [SIMULATION] Intermediate result for task 6: {'result': 'Wale können Sonnenbrand kriegen.'}
2025-06-04 12:23:50,391 [INFO] [SIMULATION] Intermediate result for task 4: {'result': 'Genau wie der Mensch einen Namen trägt, hat jeder Papagei seinen eigenen typischen Laut, mit dem andere Papageien ihn rufen.'}
2025-06-04 12:23:52,174 [INFO] [SIMULATION] Task 'random_fact' sent with payload: random
2025-06-04 12:23:53,744 [INFO] [SIMULATION] Task 'wait' sent with payload: 2
2025-06-04 12:23:55,281 [INFO] [SIMULATION] Task 'wait' sent with payload: 4
2025-06-04 12:23:56,514 [INFO] [SIMULATION] Task 'upper' sent with payload: hello
2025-06-04 12:23:57,600 [INFO] [SIMULATION] Task 'wait' sent with payload: 2
2025-06-04 12:23:57,600 [INFO] [SIMULATION] Intermediate results after 15 tasks
2025-06-04 12:23:57,607 [INFO] [SIMULATION] Intermediate result for task 11: {'result': 'HELLO'}
2025-06-04 12:23:57,615 [INFO] [SIMULATION] Intermediate result for task 14: {'result': 'Der Mensch kann besser Entscheidungen treffen, wenn er dringend pinkeln muss.'}
2025-06-04 12:23:57,624 [INFO] [SIMULATION] Intermediate result for task 12: {'result': 'tekcos'}
2025-06-04 12:23:58,666 [INFO] [SIMULATION] Task 'upper' sent with payload: distributed
2025-06-04 12:24:00,195 [INFO] [SIMULATION] Task 'upper' sent with payload: world
2025-06-04 12:24:01,210 [INFO] [SIMULATION] Task 'reverse' sent with payload: task
2025-06-04 12:24:02,352 [INFO] [SIMULATION] Task 'hash' sent with payload: hashme
2025-06-04 12:24:03,882 [INFO] [SIMULATION] Task 'sum' sent with payload: 3,9,2,9
2025-06-04 12:24:03,882 [INFO] [SIMULATION] Intermediate results after 20 tasks
2025-06-04 12:24:05,701 [INFO] [SIMULATION] Intermediate result for task 15: {'result': 'Waited for 2.0 seconds'}
2025-06-04 12:24:06,646 [INFO] [SIMULATION] Intermediate result for task 16: {'result': 'Waited for 4.0 seconds'}
2025-06-04 12:24:07,261 [INFO] [SIMULATION] Intermediate result for task 10: {'result': 'Waited for 1.0 seconds'}
2025-06-04 12:24:08,797 [INFO] [SIMULATION] Task 'upper' sent with payload: world
2025-06-04 12:24:10,333 [INFO] [SIMULATION] Task 'reverse' sent with payload: task
2025-06-04 12:24:11,351 [INFO] [SIMULATION] Task 'upper' sent with payload: world
2025-06-04 12:24:12,365 [INFO] [SIMULATION] Task 'wait' sent with payload: 1
2025-06-04 12:24:13,410 [INFO] [SIMULATION] Task 'reverse' sent with payload: monitor
2025-06-04 12:24:13,411 [INFO] [SIMULATION] Intermediate results after 25 tasks
2025-06-04 12:24:13,418 [INFO] [SIMULATION] Intermediate result for task 18: {'result': 'Waited for 2.0 seconds'}
2025-06-04 12:24:13,426 [INFO] [SIMULATION] Intermediate result for task 9: {'result': 20.0}
2025-06-04 12:24:13,432 [INFO] [SIMULATION] Intermediate result for task 24: {'result': 'WORLD'}
2025-06-04 12:24:14,639 [INFO] [SIMULATION] Task 'wait' sent with payload: 1
2025-06-04 12:24:15,657 [INFO] [SIMULATION] Task 'hash' sent with payload: hashme
2025-06-04 12:24:16,674 [INFO] [SIMULATION] Task 'hash' sent with payload: hashme
2025-06-04 12:24:17,710 [INFO] [SIMULATION] Task 'reverse' sent with payload: queue
2025-06-04 12:24:19,549 [INFO] [SIMULATION] Task 'random_fact' sent with payload: random
2025-06-04 12:24:19,549 [INFO] [SIMULATION] Intermediate results after 30 tasks
2025-06-04 12:24:19,556 [INFO] [SIMULATION] Intermediate result for task 4: {'result': 'Genau wie der Mensch einen Namen trägt, hat jeder Papagei seinen eigenen typischen Laut, mit dem andere Papageien ihn rufen.'}
2025-06-04 12:24:19,562 [INFO] [SIMULATION] Intermediate result for task 10: {'result': 'Waited for 1.0 seconds'}
2025-06-04 12:24:19,569 [INFO] [SIMULATION] Intermediate result for task 5: {'result': 'Ein Prozent der Bevölkerung der USA sind Bauern. Auf der Welt sind es 45.'}
2025-06-04 12:24:20,587 [INFO] [SIMULATION] Task 'sum' sent with payload: 7,8,10
2025-06-04 12:24:21,704 [INFO] [SIMULATION] Task 'upper' sent with payload: system
2025-06-04 12:24:23,238 [INFO] [SIMULATION] Task 'hash' sent with payload: secure
2025-06-04 12:24:25,386 [INFO] [SIMULATION] Task 'wait' sent with payload: 4
2025-06-04 12:24:26,403 [INFO] [SIMULATION] Task 'upper' sent with payload: system
2025-06-04 12:24:26,404 [INFO] [SIMULATION] Intermediate results after 35 tasks
2025-06-04 12:24:26,411 [INFO] [SIMULATION] Intermediate result for task 28: {'result': 'rotinom'}
2025-06-04 12:24:26,418 [INFO] [SIMULATION] Intermediate result for task 5: {'result': 'Ein Prozent der Bevölkerung der USA sind Bauern. Auf der Welt sind es 45.'}
2025-06-04 12:24:26,425 [INFO] [SIMULATION] Intermediate result for task 7: {'result': 'tekcos'}
2025-06-04 12:24:27,493 [INFO] [SIMULATION] Task 'hash' sent with payload: hashme
2025-06-04 12:24:29,072 [INFO] [SIMULATION] Task 'wait' sent with payload: 5
2025-06-04 12:24:30,915 [INFO] [SIMULATION] Task 'wait' sent with payload: 3
2025-06-04 12:24:32,758 [INFO] [SIMULATION] Task 'wait' sent with payload: 2
2025-06-04 12:24:34,294 [INFO] [SIMULATION] Task 'sum' sent with payload: 9,2,3
2025-06-04 12:24:34,295 [INFO] [SIMULATION] Intermediate results after 40 tasks
2025-06-04 12:24:34,909 [INFO] [SIMULATION] Intermediate result for task 26: {'result': 'WORLD'}
2025-06-04 12:24:35,523 [INFO] [SIMULATION] Intermediate result for task 28: {'result': 'rotinom'}
2025-06-04 12:24:36,032 [INFO] [SIMULATION] Intermediate result for task 29: {'result': 'Waited for 1.0 seconds'}
2025-06-04 12:24:37,066 [INFO] [SIMULATION] Task 'sum' sent with payload: 6,4,7,3
2025-06-04 12:24:38,743 [INFO] [SIMULATION] Task 'reverse' sent with payload: task
2025-06-04 12:24:39,755 [INFO] [SIMULATION] Task 'hash' sent with payload: md5
2025-06-04 12:24:40,773 [INFO] [SIMULATION] Task 'hash' sent with payload: secure
2025-06-04 12:24:41,791 [INFO] [SIMULATION] Task 'upper' sent with payload: hello
2025-06-04 12:24:41,791 [INFO] [SIMULATION] Intermediate results after 45 tasks
2025-06-04 12:24:41,797 [INFO] [SIMULATION] Intermediate result for task 11: {'result': 'HELLO'}
2025-06-04 12:24:41,804 [INFO] [SIMULATION] Intermediate result for task 34: {'result': 25.0}
2025-06-04 12:24:41,811 [INFO] [SIMULATION] Intermediate result for task 47: {'result': '6a934b45144e3758911efa29ed68fb2d420fa7bd568739cdcda9251fa9609b1e'}
2025-06-04 12:24:42,829 [INFO] [SIMULATION] Task 'upper' sent with payload: hello
2025-06-04 12:24:43,844 [INFO] [SIMULATION] Task 'wait' sent with payload: 5
2025-06-04 12:24:44,865 [INFO] [SIMULATION] Task 'hash' sent with payload: hashme
2025-06-04 12:24:45,975 [INFO] [SIMULATION] Task 'wait' sent with payload: 4
2025-06-04 12:24:47,203 [INFO] [SIMULATION] Task 'upper' sent with payload: hello
2025-06-04 12:24:47,203 [INFO] [SIMULATION] Intermediate results after 50 tasks
2025-06-04 12:24:47,211 [INFO] [SIMULATION] Intermediate result for task 8: {'result': 'HELLO'}
2025-06-04 12:24:47,219 [INFO] [SIMULATION] Intermediate result for task 9: {'result': 20.0}
2025-06-04 12:24:47,226 [INFO] [SIMULATION] Intermediate result for task 26: {'result': 'WORLD'}
2025-06-04 12:24:48,435 [INFO] [SIMULATION] Task 'wait' sent with payload: 5
2025-06-04 12:24:49,459 [INFO] [SIMULATION] Task 'wait' sent with payload: 4
2025-06-04 12:24:50,584 [INFO] [SIMULATION] Task 'random_fact' sent with payload: random
2025-06-04 12:24:51,813 [INFO] [SIMULATION] Task 'reverse' sent with payload: socket
2025-06-04 12:24:53,040 [INFO] [SIMULATION] Task 'sum' sent with payload: 6,9
2025-06-04 12:24:53,040 [INFO] [SIMULATION] Intermediate results after 55 tasks
2025-06-04 12:24:53,047 [INFO] [SIMULATION] Intermediate result for task 48: {'result': 'HELLO'}
2025-06-04 12:24:53,055 [INFO] [SIMULATION] Intermediate result for task 54: {'error': 'Result not ready'}
2025-06-04 12:24:53,062 [INFO] [SIMULATION] Intermediate result for task 42: {'result': 'Waited for 2.0 seconds'}
2025-06-04 12:24:54,087 [INFO] [SIMULATION] Task 'hash' sent with payload: secure
2025-06-04 12:24:55,100 [INFO] [SIMULATION] Task 'sum' sent with payload: 6,10,4
2025-06-04 12:24:56,558 [INFO] [SIMULATION] Task 'wait' sent with payload: 2
2025-06-04 12:24:57,650 [INFO] [SIMULATION] Task 'reverse' sent with payload: task
2025-06-04 12:24:58,879 [INFO] [SIMULATION] Task 'reverse' sent with payload: queue
2025-06-04 12:24:58,879 [INFO] [SIMULATION] Intermediate results after 60 tasks
2025-06-04 12:24:58,887 [INFO] [SIMULATION] Intermediate result for task 6: {'result': 'Wale können Sonnenbrand kriegen.'}
2025-06-04 12:24:58,894 [INFO] [SIMULATION] Intermediate result for task 31: {'result': '02208b9403a87df9f4ed6b2ee2657efaa589026b4cce9accc8e8a5bf3d693c86'}
2025-06-04 12:24:58,902 [INFO] [SIMULATION] Intermediate result for task 16: {'result': 'Waited for 4.0 seconds'}
2025-06-04 12:25:00,107 [INFO] [SIMULATION] Task 'reverse' sent with payload: task
2025-06-04 12:25:01,339 [INFO] [SIMULATION] Task 'upper' sent with payload: system
2025-06-04 12:25:02,567 [INFO] [SIMULATION] Task 'upper' sent with payload: system
2025-06-04 12:25:04,096 [INFO] [SIMULATION] Task 'wait' sent with payload: 5
2025-06-04 12:25:05,330 [INFO] [SIMULATION] Task 'reverse' sent with payload: socket
2025-06-04 12:25:05,331 [INFO] [SIMULATION] Intermediate results after 65 tasks
2025-06-04 12:25:05,338 [INFO] [SIMULATION] Intermediate result for task 68: {'result': 'tekcos'}
2025-06-04 12:25:05,346 [INFO] [SIMULATION] Intermediate result for task 37: {'result': 'Waited for 4.0 seconds'}
2025-06-04 12:25:05,353 [INFO] [SIMULATION] Intermediate result for task 44: {'result': 20.0}
2025-06-04 12:25:06,559 [INFO] [SIMULATION] Task 'wait' sent with payload: 4
2025-06-04 12:25:07,850 [INFO] [SIMULATION] Task 'wait' sent with payload: 1
2025-06-04 12:25:09,017 [INFO] [SIMULATION] Task 'upper' sent with payload: world
2025-06-04 12:25:10,421 [INFO] [SIMULATION] Task 'wait' sent with payload: 5
2025-06-04 12:25:12,085 [INFO] [SIMULATION] Task 'wait' sent with payload: 1
2025-06-04 12:25:12,086 [INFO] [SIMULATION] Intermediate results after 70 tasks
2025-06-04 12:25:12,094 [INFO] [SIMULATION] Intermediate result for task 67: {'result': 'Waited for 5.0 seconds'}
2025-06-04 12:25:12,101 [INFO] [SIMULATION] Intermediate result for task 25: {'result': 'ksat'}
2025-06-04 12:25:12,108 [INFO] [SIMULATION] Intermediate result for task 66: {'result': 'SYSTEM'}
2025-06-04 12:25:13,318 [INFO] [SIMULATION] Task 'sum' sent with payload: 10,1
2025-06-04 12:25:14,762 [INFO] [SIMULATION] Task 'reverse' sent with payload: queue
2025-06-04 12:25:16,438 [INFO] [SIMULATION] Task 'sum' sent with payload: 8,6,5,2,5
2025-06-04 12:25:17,459 [INFO] [SIMULATION] Task 'upper' sent with payload: system
2025-06-04 12:25:18,541 [INFO] [SIMULATION] Task 'wait' sent with payload: 3
2025-06-04 12:25:18,542 [INFO] [SIMULATION] Intermediate results after 75 tasks
2025-06-04 12:25:18,549 [INFO] [SIMULATION] Intermediate result for task 53: {'result': 'HELLO'}
2025-06-04 12:25:18,556 [INFO] [SIMULATION] Intermediate result for task 52: {'result': 'Waited for 4.0 seconds'}
2025-06-04 12:25:18,563 [INFO] [SIMULATION] Intermediate result for task 14: {'result': 'Der Mensch kann besser Entscheidungen treffen, wenn er dringend pinkeln muss.'}
2025-06-04 12:25:19,583 [INFO] [SIMULATION] Task 'hash' sent with payload: sha256
2025-06-04 12:25:20,691 [INFO] [SIMULATION] Task 'reverse' sent with payload: queue
2025-06-04 12:25:21,710 [INFO] [SIMULATION] Task 'wait' sent with payload: 5
2025-06-04 12:25:22,731 [INFO] [SIMULATION] Task 'sum' sent with payload: 8,1,10,10
2025-06-04 12:25:23,750 [INFO] [SIMULATION] Task 'wait' sent with payload: 1
2025-06-04 12:25:23,751 [INFO] [SIMULATION] Intermediate results after 80 tasks
2025-06-04 12:25:23,760 [INFO] [SIMULATION] Intermediate result for task 32: {'result': 'eueuq'}
2025-06-04 12:25:23,769 [INFO] [SIMULATION] Intermediate result for task 81: {'error': 'Result not ready'}
2025-06-04 12:25:23,778 [INFO] [SIMULATION] Intermediate result for task 14: {'result': 'Der Mensch kann besser Entscheidungen treffen, wenn er dringend pinkeln muss.'}
2025-06-04 12:25:24,997 [INFO] [SIMULATION] Task 'reverse' sent with payload: monitor
2025-06-04 12:25:26,523 [INFO] [SIMULATION] Task 'wait' sent with payload: 4
2025-06-04 12:25:27,764 [INFO] [SIMULATION] Task 'sum' sent with payload: 10,1,9
2025-06-04 12:25:28,788 [INFO] [SIMULATION] Task 'sum' sent with payload: 1,10,9,3
2025-06-04 12:25:29,910 [INFO] [SIMULATION] Task 'wait' sent with payload: 5
2025-06-04 12:25:29,911 [INFO] [SIMULATION] Intermediate results after 85 tasks
2025-06-04 12:25:29,919 [INFO] [SIMULATION] Intermediate result for task 51: {'result': '02208b9403a87df9f4ed6b2ee2657efaa589026b4cce9accc8e8a5bf3d693c86'}
2025-06-04 12:25:29,927 [INFO] [SIMULATION] Intermediate result for task 68: {'result': 'tekcos'}
2025-06-04 12:25:29,934 [INFO] [SIMULATION] Intermediate result for task 29: {'result': 'Waited for 1.0 seconds'}
2025-06-04 12:25:31,143 [INFO] [SIMULATION] Task 'hash' sent with payload: md5
2025-06-04 12:25:32,667 [INFO] [SIMULATION] Task 'hash' sent with payload: md5
2025-06-04 12:25:33,692 [INFO] [SIMULATION] Task 'hash' sent with payload: md5
2025-06-04 12:25:34,825 [INFO] [SIMULATION] Task 'reverse' sent with payload: task
2025-06-04 12:25:36,355 [INFO] [SIMULATION] Task 'sum' sent with payload: 4,2,8,3
2025-06-04 12:25:36,356 [INFO] [SIMULATION] Intermediate results after 90 tasks
2025-06-04 12:25:36,369 [INFO] [SIMULATION] Intermediate result for task 35: {'result': 'SYSTEM'}
2025-06-04 12:25:36,378 [INFO] [SIMULATION] Intermediate result for task 15: {'result': 'Waited for 2.0 seconds'}
2025-06-04 12:25:36,388 [INFO] [SIMULATION] Intermediate result for task 45: {'result': 'ksat'}
2025-06-04 12:25:37,595 [INFO] [SIMULATION] Task 'hash' sent with payload: secure
2025-06-04 12:25:39,117 [INFO] [SIMULATION] Task 'wait' sent with payload: 4
2025-06-04 12:25:40,354 [INFO] [SIMULATION] Task 'sum' sent with payload: 3,3,8,8
2025-06-04 12:25:42,448 [INFO] [SIMULATION] Task 'hash' sent with payload: hashme
2025-06-04 12:25:43,622 [INFO] [SIMULATION] Task 'sum' sent with payload: 10,2,2
2025-06-04 12:25:43,623 [INFO] [SIMULATION] Intermediate results after 95 tasks
2025-06-04 12:25:43,630 [INFO] [SIMULATION] Intermediate result for task 31: {'result': '02208b9403a87df9f4ed6b2ee2657efaa589026b4cce9accc8e8a5bf3d693c86'}
2025-06-04 12:25:43,639 [INFO] [SIMULATION] Intermediate result for task 80: {'result': 'eueuq'}
2025-06-04 12:25:43,647 [INFO] [SIMULATION] Intermediate result for task 98: {'result': 14.0}
2025-06-04 12:25:45,262 [INFO] [SIMULATION] Task 'random_fact' sent with payload: random
2025-06-04 12:25:46,502 [INFO] [SIMULATION] Task 'sum' sent with payload: 6,2,5,10,10
2025-06-04 12:25:48,027 [INFO] [SIMULATION] Task 'upper' sent with payload: distributed
2025-06-04 12:25:49,050 [INFO] [SIMULATION] Task 'hash' sent with payload: hashme
2025-06-04 12:25:51,099 [INFO] [SIMULATION] Task 'reverse' sent with payload: task
2025-06-04 12:25:51,100 [INFO] [SIMULATION] Intermediate results after 100 tasks
2025-06-04 12:25:51,713 [INFO] [SIMULATION] Intermediate result for task 60: {'result': 20.0}
2025-06-04 12:25:52,025 [INFO] [SIMULATION] Intermediate result for task 65: {'result': 'SYSTEM'}
2025-06-04 12:25:52,032 [INFO] [SIMULATION] Intermediate result for task 95: {'result': 'Waited for 4.0 seconds'}
2025-06-04 12:25:53,557 [INFO] [SIMULATION] Task 'wait' sent with payload: 5
2025-06-04 12:25:54,608 [INFO] [SIMULATION] Task 'upper' sent with payload: distributed
2025-06-04 12:25:55,714 [INFO] [SIMULATION] Task 'wait' sent with payload: 2
2025-06-04 12:25:56,948 [INFO] [SIMULATION] Task 'reverse' sent with payload: queue
2025-06-04 12:25:58,472 [INFO] [SIMULATION] Task 'wait' sent with payload: 3
2025-06-04 12:25:58,472 [INFO] [SIMULATION] Intermediate results after 105 tasks
2025-06-04 12:25:58,979 [INFO] [SIMULATION] Intermediate result for task 53: {'result': 'HELLO'}
2025-06-04 12:25:58,992 [INFO] [SIMULATION] Intermediate result for task 38: {'result': 'SYSTEM'}
2025-06-04 12:25:59,003 [INFO] [SIMULATION] Intermediate result for task 46: {'result': '3ebff31b62c0637c54d4ffa990d5c100ea359994b35f4b342ff49797542148cd'}
2025-06-04 12:26:00,623 [INFO] [SIMULATION] Task 'wait' sent with payload: 2
2025-06-04 12:26:01,789 [INFO] [SIMULATION] Task 'sum' sent with payload: 9,1,4
2025-06-04 12:26:02,878 [INFO] [SIMULATION] Task 'sum' sent with payload: 5,1,5,7,9
2025-06-04 12:26:03,900 [INFO] [SIMULATION] Task 'reverse' sent with payload: monitor
2025-06-04 12:26:04,931 [INFO] [SIMULATION] Task 'upper' sent with payload: distributed
2025-06-04 12:26:04,932 [INFO] [SIMULATION] Intermediate results after 110 tasks
2025-06-04 12:26:04,939 [INFO] [SIMULATION] Intermediate result for task 25: {'result': 'ksat'}
2025-06-04 12:26:04,947 [INFO] [SIMULATION] Intermediate result for task 113: {'result': 'DISTRIBUTED'}
2025-06-04 12:26:04,956 [INFO] [SIMULATION] Intermediate result for task 18: {'result': 'Waited for 2.0 seconds'}
2025-06-04 12:26:06,161 [INFO] [SIMULATION] Task 'reverse' sent with payload: task
2025-06-04 12:26:07,995 [INFO] [SIMULATION] Task 'hash' sent with payload: md5
2025-06-04 12:26:09,229 [INFO] [SIMULATION] Task 'upper' sent with payload: world
2025-06-04 12:26:10,464 [INFO] [SIMULATION] Task 'hash' sent with payload: sha256
2025-06-04 12:26:11,988 [INFO] [SIMULATION] Task 'reverse' sent with payload: monitor
2025-06-04 12:26:11,988 [INFO] [SIMULATION] Intermediate results after 115 tasks
2025-06-04 12:26:12,603 [INFO] [SIMULATION] Intermediate result for task 107: {'result': 'eueuq'}
2025-06-04 12:26:12,613 [INFO] [SIMULATION] Intermediate result for task 17: {'result': 'HELLO'}
2025-06-04 12:26:12,623 [INFO] [SIMULATION] Intermediate result for task 59: {'result': '6a934b45144e3758911efa29ed68fb2d420fa7bd568739cdcda9251fa9609b1e'}
2025-06-04 12:26:13,951 [INFO] [SIMULATION] Task 'upper' sent with payload: hello
2025-06-04 12:26:15,071 [INFO] [SIMULATION] Task 'hash' sent with payload: md5
2025-06-04 12:26:17,211 [INFO] [SIMULATION] Task 'hash' sent with payload: sha256
2025-06-04 12:26:18,747 [INFO] [SIMULATION] Task 'hash' sent with payload: secure
2025-06-04 12:26:19,775 [INFO] [SIMULATION] Task 'reverse' sent with payload: socket
2025-06-04 12:26:19,775 [INFO] [SIMULATION] Intermediate results after 120 tasks
2025-06-04 12:26:19,785 [INFO] [SIMULATION] Intermediate result for task 49: {'result': 'HELLO'}
2025-06-04 12:26:19,794 [INFO] [SIMULATION] Intermediate result for task 27: {'result': 'Waited for 1.0 seconds'}
2025-06-04 12:26:19,804 [INFO] [SIMULATION] Intermediate result for task 25: {'result': 'ksat'}
2025-06-04 12:26:20,831 [INFO] [SIMULATION] Task 'hash' sent with payload: md5
2025-06-04 12:26:21,853 [INFO] [SIMULATION] Task 'sum' sent with payload: 4,4,5,6,10
2025-06-04 12:26:23,057 [INFO] [SIMULATION] Task 'sum' sent with payload: 8,8,3,2
2025-06-04 12:26:24,584 [INFO] [SIMULATION] Task 'sum' sent with payload: 10,9
2025-06-04 12:26:26,120 [INFO] [SIMULATION] Task 'upper' sent with payload: hello
2025-06-04 12:26:26,122 [INFO] [SIMULATION] Intermediate results after 125 tasks
2025-06-04 12:26:26,734 [INFO] [SIMULATION] Intermediate result for task 127: {'result': 19.0}
2025-06-04 12:26:26,745 [INFO] [SIMULATION] Intermediate result for task 63: {'result': 'eueuq'}
2025-06-04 12:26:26,756 [INFO] [SIMULATION] Intermediate result for task 104: {'result': 'Waited for 5.0 seconds'}
2025-06-04 12:26:27,785 [INFO] [SIMULATION] Task 'hash' sent with payload: sha256
2025-06-04 12:26:28,894 [INFO] [SIMULATION] Task 'upper' sent with payload: system
2025-06-04 12:26:30,420 [INFO] [SIMULATION] Task 'hash' sent with payload: md5
2025-06-04 12:26:31,657 [INFO] [SIMULATION] Task 'upper' sent with payload: hello
2025-06-04 12:26:33,185 [INFO] [SIMULATION] Task 'sum' sent with payload: 3,4
2025-06-04 12:26:33,186 [INFO] [SIMULATION] Intermediate results after 130 tasks
2025-06-04 12:26:33,508 [INFO] [SIMULATION] Intermediate result for task 94: {'result': '6a934b45144e3758911efa29ed68fb2d420fa7bd568739cdcda9251fa9609b1e'}
2025-06-04 12:26:33,518 [INFO] [SIMULATION] Intermediate result for task 72: {'result': 'Waited for 5.0 seconds'}
2025-06-04 12:26:33,539 [INFO] [SIMULATION] Intermediate result for task 105: {'result': 'DISTRIBUTED'}
2025-06-04 12:26:34,731 [INFO] [SIMULATION] Task 'wait' sent with payload: 4
2025-06-04 12:26:36,258 [INFO] [SIMULATION] Task 'reverse' sent with payload: monitor
2025-06-04 12:26:37,531 [INFO] [SIMULATION] Task 'reverse' sent with payload: socket
2025-06-04 12:26:38,725 [INFO] [SIMULATION] Task 'reverse' sent with payload: queue
2025-06-04 12:26:40,000 [INFO] [SIMULATION] Task 'sum' sent with payload: 5,10,2
2025-06-04 12:26:40,000 [INFO] [SIMULATION] Intermediate results after 135 tasks
2025-06-04 12:26:40,011 [INFO] [SIMULATION] Intermediate result for task 73: {'result': 'Waited for 1.0 seconds'}
2025-06-04 12:26:40,021 [INFO] [SIMULATION] Intermediate result for task 69: {'result': 'Waited for 4.0 seconds'}
2025-06-04 12:26:40,029 [INFO] [SIMULATION] Intermediate result for task 31: {'result': '02208b9403a87df9f4ed6b2ee2657efaa589026b4cce9accc8e8a5bf3d693c86'}
2025-06-04 12:26:41,182 [INFO] [SIMULATION] Task 'sum' sent with payload: 9,2,5,6,1
